# JRE version: OpenJDK Runtime Environment Temurin-21.0.9+10 (21.0.9+10) (build 21.0.9+10-LTS)
# Java VM: OpenJDK 64-Bit Server VM Temurin-21.0.9+10 (21.0.9+10-LTS, mixed mode, sharing, tiered, compressed oops, compressed class ptrs, parallel gc, windows-amd64)
GC Precious Log:
 CardTable entry size: 512
 CPUs: 4 total, 4 available
 Memory: 7865M
 Large Page Support: Disabled
 NUMA Support: Disabled
 Compressed Oops: Enabled (32-bit)
 Alignments: Space 512K, Generation 512K, Heap 2M
 Heap Min Capacity: 100M
 Heap Initial Capacity: 100M
 Heap Max Capacity: 2G
 Pre-touch: Disabled
 Parallel Workers: 4
Heap:
 PSYoungGen      total 21504K, used 16012K [0x00000000d5580000, 0x00000000d6c00000, 0x0000000100000000)
  eden space 20480K, 73% used [0x00000000d5580000,0x00000000d6443270,0x00000000d6980000)
  from space 1024K, 87% used [0x00000000d6b00000,0x00000000d6be0020,0x00000000d6c00000)
  to   space 1024K, 0% used [0x00000000d6a00000,0x00000000d6a00000,0x00000000d6b00000)
 ParOldGen       total 68608K, used 37637K [0x0000000080000000, 0x0000000084300000, 0x00000000d5580000)
  object space 68608K, 54% used [0x0000000080000000,0x00000000824c15e8,0x0000000084300000)
 Metaspace       used 43933K, committed 44928K, reserved 1114112K
  class space    used 4084K, committed 4544K, reserved 1048576K
GC Heap History (20 events):
Event: 25994.221 GC heap before
{Heap before GC invocations=35 (full 2):
 PSYoungGen      total 21504K, used 21296K [0x00000000d5580000, 0x00000000d6c00000, 0x0000000100000000)
  eden space 20480K, 100% used [0x00000000d5580000,0x00000000d6980000,0x00000000d6980000)
  from space 1024K, 79% used [0x00000000d6b00000,0x00000000d6bcc010,0x00000000d6c00000)
  to   space 1024K, 0% used [0x00000000d6a00000,0x00000000d6a00000,0x00000000d6b00000)
 ParOldGen       total 68608K, used 33237K [0x0000000080000000, 0x0000000084300000, 0x00000000d5580000)
  object space 68608K, 48% used [0x0000000080000000,0x0000000082075548,0x0000000084300000)
 Metaspace       used 42728K, committed 43776K, reserved 1114112K
  class space    used 4056K, committed 4544K, reserved 1048576K
}
Event: 25994.315 GC heap after
{Heap after GC invocations=35 (full 2):
 PSYoungGen      total 21504K, used 608K [0x00000000d5580000, 0x00000000d6b80000, 0x0000000100000000)
  eden space 20480K, 0% used [0x00000000d5580000,0x00000000d5580000,0x00000000d6980000)
  from space 1024K, 59% used [0x00000000d6a00000,0x00000000d6a98020,0x00000000d6b00000)
  to   space 512K, 0% used [0x00000000d6b00000,0x00000000d6b00000,0x00000000d6b80000)
 ParOldGen       total 68608K, used 33725K [0x0000000080000000, 0x0000000084300000, 0x00000000d5580000)
  object space 68608K, 49% used [0x0000000080000000,0x00000000820ef548,0x0000000084300000)
 Metaspace       used 42728K, committed 43776K, reserved 1114112K
  class space    used 4056K, committed 4544K, reserved 1048576K
}
Event: 26046.479 GC heap before
{Heap before GC invocations=36 (full 2):
 PSYoungGen      total 21504K, used 21088K [0x00000000d5580000, 0x00000000d6b80000, 0x0000000100000000)
  eden space 20480K, 100% used [0x00000000d5580000,0x00000000d6980000,0x00000000d6980000)
  from space 1024K, 59% used [0x00000000d6a00000,0x00000000d6a98020,0x00000000d6b00000)
  to   space 512K, 0% used [0x00000000d6b00000,0x00000000d6b00000,0x00000000d6b80000)
 ParOldGen       total 68608K, used 33725K [0x0000000080000000, 0x0000000084300000, 0x00000000d5580000)
  object space 68608K, 49% used [0x0000000080000000,0x00000000820ef548,0x0000000084300000)
 Metaspace       used 42794K, committed 43840K, reserved 1114112K
  class space    used 4056K, committed 4544K, reserved 1048576K
}
Event: 26046.484 GC heap after
{Heap after GC invocations=36 (full 2):
 PSYoungGen      total 20992K, used 512K [0x00000000d5580000, 0x00000000d6c80000, 0x0000000100000000)
  eden space 20480K, 0% used [0x00000000d5580000,0x00000000d5580000,0x00000000d6980000)
  from space 512K, 100% used [0x00000000d6b00000,0x00000000d6b80000,0x00000000d6b80000)
  to   space 1536K, 0% used [0x00000000d6980000,0x00000000d6980000,0x00000000d6b00000)
 ParOldGen       total 68608K, used 34357K [0x0000000080000000, 0x0000000084300000, 0x00000000d5580000)
  object space 68608K, 50% used [0x0000000080000000,0x000000008218d568,0x0000000084300000)
 Metaspace       used 42794K, committed 43840K, reserved 1114112K
  class space    used 4056K, committed 4544K, reserved 1048576K
}
Event: 29294.909 GC heap before
{Heap before GC invocations=37 (full 2):
 PSYoungGen      total 20992K, used 20992K [0x00000000d5580000, 0x00000000d6c80000, 0x0000000100000000)
  eden space 20480K, 100% used [0x00000000d5580000,0x00000000d6980000,0x00000000d6980000)
  from space 512K, 100% used [0x00000000d6b00000,0x00000000d6b80000,0x00000000d6b80000)
  to   space 1536K, 0% used [0x00000000d6980000,0x00000000d6980000,0x00000000d6b00000)
 ParOldGen       total 68608K, used 34357K [0x0000000080000000, 0x0000000084300000, 0x00000000d5580000)
  object space 68608K, 50% used [0x0000000080000000,0x000000008218d568,0x0000000084300000)
 Metaspace       used 42937K, committed 43968K, reserved 1114112K
  class space    used 4057K, committed 4544K, reserved 1048576K
}
Event: 29294.985 GC heap after
{Heap after GC invocations=37 (full 2):
 PSYoungGen      total 21504K, used 704K [0x00000000d5580000, 0x00000000d6b80000, 0x0000000100000000)
  eden space 20480K, 0% used [0x00000000d5580000,0x00000000d5580000,0x00000000d6980000)
  from space 1024K, 68% used [0x00000000d6980000,0x00000000d6a30020,0x00000000d6a80000)
  to   space 1024K, 0% used [0x00000000d6a80000,0x00000000d6a80000,0x00000000d6b80000)
 ParOldGen       total 68608K, used 34805K [0x0000000080000000, 0x0000000084300000, 0x00000000d5580000)
  object space 68608K, 50% used [0x0000000080000000,0x00000000821fd578,0x0000000084300000)
 Metaspace       used 42937K, committed 43968K, reserved 1114112K
  class space    used 4057K, committed 4544K, reserved 1048576K
}
Event: 29879.249 GC heap before
{Heap before GC invocations=38 (full 2):
 PSYoungGen      total 21504K, used 21184K [0x00000000d5580000, 0x00000000d6b80000, 0x0000000100000000)
  eden space 20480K, 100% used [0x00000000d5580000,0x00000000d6980000,0x00000000d6980000)
  from space 1024K, 68% used [0x00000000d6980000,0x00000000d6a30020,0x00000000d6a80000)
  to   space 1024K, 0% used [0x00000000d6a80000,0x00000000d6a80000,0x00000000d6b80000)
 ParOldGen       total 68608K, used 34805K [0x0000000080000000, 0x0000000084300000, 0x00000000d5580000)
  object space 68608K, 50% used [0x0000000080000000,0x00000000821fd578,0x0000000084300000)
 Metaspace       used 43035K, committed 44096K, reserved 1114112K
  class space    used 4058K, committed 4544K, reserved 1048576K
}
Event: 29879.550 GC heap after
{Heap after GC invocations=38 (full 2):
 PSYoungGen      total 21504K, used 816K [0x00000000d5580000, 0x00000000d6b80000, 0x0000000100000000)
  eden space 20480K, 0% used [0x00000000d5580000,0x00000000d5580000,0x00000000d6980000)
  from space 1024K, 79% used [0x00000000d6a80000,0x00000000d6b4c030,0x00000000d6b80000)
  to   space 1024K, 0% used [0x00000000d6980000,0x00000000d6980000,0x00000000d6a80000)
 ParOldGen       total 68608K, used 35349K [0x0000000080000000, 0x0000000084300000, 0x00000000d5580000)
  object space 68608K, 51% used [0x0000000080000000,0x0000000082285578,0x0000000084300000)
 Metaspace       used 43035K, committed 44096K, reserved 1114112K
  class space    used 4058K, committed 4544K, reserved 1048576K
}
Event: 29940.359 GC heap before
{Heap before GC invocations=39 (full 2):
 PSYoungGen      total 21504K, used 21296K [0x00000000d5580000, 0x00000000d6b80000, 0x0000000100000000)
  eden space 20480K, 100% used [0x00000000d5580000,0x00000000d6980000,0x00000000d6980000)
  from space 1024K, 79% used [0x00000000d6a80000,0x00000000d6b4c030,0x00000000d6b80000)
  to   space 1024K, 0% used [0x00000000d6980000,0x00000000d6980000,0x00000000d6a80000)
 ParOldGen       total 68608K, used 35349K [0x0000000080000000, 0x0000000084300000, 0x00000000d5580000)
  object space 68608K, 51% used [0x0000000080000000,0x0000000082285578,0x0000000084300000)
 Metaspace       used 43135K, committed 44224K, reserved 1114112K
  class space    used 4058K, committed 4544K, reserved 1048576K
}
Event: 29940.367 GC heap after
{Heap after GC invocations=39 (full 2):
 PSYoungGen      total 21504K, used 480K [0x00000000d5580000, 0x00000000d6b80000, 0x0000000100000000)
  eden space 20480K, 0% used [0x00000000d5580000,0x00000000d5580000,0x00000000d6980000)
  from space 1024K, 46% used [0x00000000d6980000,0x00000000d69f8000,0x00000000d6a80000)
  to   space 1024K, 0% used [0x00000000d6a80000,0x00000000d6a80000,0x00000000d6b80000)
 ParOldGen       total 68608K, used 35813K [0x0000000080000000, 0x0000000084300000, 0x00000000d5580000)
  object space 68608K, 52% used [0x0000000080000000,0x00000000822f9598,0x0000000084300000)
 Metaspace       used 43135K, committed 44224K, reserved 1114112K
  class space    used 4058K, committed 4544K, reserved 1048576K
}
Event: 30922.657 GC heap before
{Heap before GC invocations=40 (full 2):
 PSYoungGen      total 21504K, used 20960K [0x00000000d5580000, 0x00000000d6b80000, 0x0000000100000000)
  eden space 20480K, 100% used [0x00000000d5580000,0x00000000d6980000,0x00000000d6980000)
  from space 1024K, 46% used [0x00000000d6980000,0x00000000d69f8000,0x00000000d6a80000)
  to   space 1024K, 0% used [0x00000000d6a80000,0x00000000d6a80000,0x00000000d6b80000)
 ParOldGen       total 68608K, used 35813K [0x0000000080000000, 0x0000000084300000, 0x00000000d5580000)
  object space 68608K, 52% used [0x0000000080000000,0x00000000822f9598,0x0000000084300000)
 Metaspace       used 43354K, committed 44416K, reserved 1114112K
  class space    used 4069K, committed 4544K, reserved 1048576K
}
Event: 30922.814 GC heap after
{Heap after GC invocations=40 (full 2):
 PSYoungGen      total 21504K, used 624K [0x00000000d5580000, 0x00000000d6b80000, 0x0000000100000000)
  eden space 20480K, 0% used [0x00000000d5580000,0x00000000d5580000,0x00000000d6980000)
  from space 1024K, 60% used [0x00000000d6a80000,0x00000000d6b1c030,0x00000000d6b80000)
  to   space 1024K, 0% used [0x00000000d6980000,0x00000000d6980000,0x00000000d6a80000)
 ParOldGen       total 68608K, used 36189K [0x0000000080000000, 0x0000000084300000, 0x00000000d5580000)
  object space 68608K, 52% used [0x0000000080000000,0x0000000082357598,0x0000000084300000)
 Metaspace       used 43354K, committed 44416K, reserved 1114112K
  class space    used 4069K, committed 4544K, reserved 1048576K
}
Event: 30962.666 GC heap before
{Heap before GC invocations=41 (full 2):
 PSYoungGen      total 21504K, used 21104K [0x00000000d5580000, 0x00000000d6b80000, 0x0000000100000000)
  eden space 20480K, 100% used [0x00000000d5580000,0x00000000d6980000,0x00000000d6980000)
  from space 1024K, 60% used [0x00000000d6a80000,0x00000000d6b1c030,0x00000000d6b80000)
  to   space 1024K, 0% used [0x00000000d6980000,0x00000000d6980000,0x00000000d6a80000)
 ParOldGen       total 68608K, used 36189K [0x0000000080000000, 0x0000000084300000, 0x00000000d5580000)
  object space 68608K, 52% used [0x0000000080000000,0x0000000082357598,0x0000000084300000)
 Metaspace       used 43675K, committed 44736K, reserved 1114112K
  class space    used 4079K, committed 4544K, reserved 1048576K
}
Event: 30964.296 GC heap after
{Heap after GC invocations=41 (full 2):
 PSYoungGen      total 21504K, used 464K [0x00000000d5580000, 0x00000000d6b80000, 0x0000000100000000)
  eden space 20480K, 0% used [0x00000000d5580000,0x00000000d5580000,0x00000000d6980000)
  from space 1024K, 45% used [0x00000000d6980000,0x00000000d69f4030,0x00000000d6a80000)
  to   space 1024K, 0% used [0x00000000d6a80000,0x00000000d6a80000,0x00000000d6b80000)
 ParOldGen       total 68608K, used 36597K [0x0000000080000000, 0x0000000084300000, 0x00000000d5580000)
  object space 68608K, 53% used [0x0000000080000000,0x00000000823bd598,0x0000000084300000)
 Metaspace       used 43675K, committed 44736K, reserved 1114112K
  class space    used 4079K, committed 4544K, reserved 1048576K
}
Event: 30986.952 GC heap before
{Heap before GC invocations=42 (full 2):
 PSYoungGen      total 21504K, used 20944K [0x00000000d5580000, 0x00000000d6b80000, 0x0000000100000000)
  eden space 20480K, 100% used [0x00000000d5580000,0x00000000d6980000,0x00000000d6980000)
  from space 1024K, 45% used [0x00000000d6980000,0x00000000d69f4030,0x00000000d6a80000)
  to   space 1024K, 0% used [0x00000000d6a80000,0x00000000d6a80000,0x00000000d6b80000)
 ParOldGen       total 68608K, used 36597K [0x0000000080000000, 0x0000000084300000, 0x00000000d5580000)
  object space 68608K, 53% used [0x0000000080000000,0x00000000823bd598,0x0000000084300000)
 Metaspace       used 43699K, committed 44736K, reserved 1114112K
  class space    used 4079K, committed 4544K, reserved 1048576K
}
Event: 30986.983 GC heap after
{Heap after GC invocations=42 (full 2):
 PSYoungGen      total 20992K, used 304K [0x00000000d5580000, 0x00000000d6b00000, 0x0000000100000000)
  eden space 20480K, 0% used [0x00000000d5580000,0x00000000d5580000,0x00000000d6980000)
  from space 512K, 59% used [0x00000000d6a80000,0x00000000d6acc010,0x00000000d6b00000)
  to   space 512K, 0% used [0x00000000d6a00000,0x00000000d6a00000,0x00000000d6a80000)
 ParOldGen       total 68608K, used 36901K [0x0000000080000000, 0x0000000084300000, 0x00000000d5580000)
  object space 68608K, 53% used [0x0000000080000000,0x00000000824095b8,0x0000000084300000)
 Metaspace       used 43699K, committed 44736K, reserved 1114112K
  class space    used 4079K, committed 4544K, reserved 1048576K
}
Event: 31051.189 GC heap before
{Heap before GC invocations=43 (full 2):
 PSYoungGen      total 20992K, used 20784K [0x00000000d5580000, 0x00000000d6b00000, 0x0000000100000000)
  eden space 20480K, 100% used [0x00000000d5580000,0x00000000d6980000,0x00000000d6980000)
  from space 512K, 59% used [0x00000000d6a80000,0x00000000d6acc010,0x00000000d6b00000)
  to   space 512K, 0% used [0x00000000d6a00000,0x00000000d6a00000,0x00000000d6a80000)
 ParOldGen       total 68608K, used 36901K [0x0000000080000000, 0x0000000084300000, 0x00000000d5580000)
  object space 68608K, 53% used [0x0000000080000000,0x00000000824095b8,0x0000000084300000)
 Metaspace       used 43766K, committed 44800K, reserved 1114112K
  class space    used 4079K, committed 4544K, reserved 1048576K
}
Event: 31051.289 GC heap after
{Heap after GC invocations=43 (full 2):
 PSYoungGen      total 20992K, used 496K [0x00000000d5580000, 0x00000000d6c80000, 0x0000000100000000)
  eden space 20480K, 0% used [0x00000000d5580000,0x00000000d5580000,0x00000000d6980000)
  from space 512K, 96% used [0x00000000d6a00000,0x00000000d6a7c020,0x00000000d6a80000)
  to   space 1536K, 0% used [0x00000000d6b00000,0x00000000d6b00000,0x00000000d6c80000)
 ParOldGen       total 68608K, used 37349K [0x0000000080000000, 0x0000000084300000, 0x00000000d5580000)
  object space 68608K, 54% used [0x0000000080000000,0x00000000824795c8,0x0000000084300000)
 Metaspace       used 43766K, committed 44800K, reserved 1114112K
  class space    used 4079K, committed 4544K, reserved 1048576K
}
Event: 33942.188 GC heap before
{Heap before GC invocations=44 (full 2):
 PSYoungGen      total 20992K, used 20976K [0x00000000d5580000, 0x00000000d6c80000, 0x0000000100000000)
  eden space 20480K, 100% used [0x00000000d5580000,0x00000000d6980000,0x00000000d6980000)
  from space 512K, 96% used [0x00000000d6a00000,0x00000000d6a7c020,0x00000000d6a80000)
  to   space 1536K, 0% used [0x00000000d6b00000,0x00000000d6b00000,0x00000000d6c80000)
 ParOldGen       total 68608K, used 37349K [0x0000000080000000, 0x0000000084300000, 0x00000000d5580000)
  object space 68608K, 54% used [0x0000000080000000,0x00000000824795c8,0x0000000084300000)
 Metaspace       used 43917K, committed 44928K, reserved 1114112K
  class space    used 4084K, committed 4544K, reserved 1048576K
}
Event: 33942.314 GC heap after
{Heap after GC invocations=44 (full 2):
 PSYoungGen      total 21504K, used 896K [0x00000000d5580000, 0x00000000d6c00000, 0x0000000100000000)
  eden space 20480K, 0% used [0x00000000d5580000,0x00000000d5580000,0x00000000d6980000)
  from space 1024K, 87% used [0x00000000d6b00000,0x00000000d6be0020,0x00000000d6c00000)
  to   space 1024K, 0% used [0x00000000d6a00000,0x00000000d6a00000,0x00000000d6b00000)
 ParOldGen       total 68608K, used 37637K [0x0000000080000000, 0x0000000084300000, 0x00000000d5580000)
  object space 68608K, 54% used [0x0000000080000000,0x00000000824c15e8,0x0000000084300000)
 Metaspace       used 43917K, committed 44928K, reserved 1114112K
  class space    used 4084K, committed 4544K, reserved 1048576K
}

