# JRE version: OpenJDK Runtime Environment (21.0.8) (build 21.0.8+-14196175-b1038.72)
# Java VM: OpenJDK 64-Bit Server VM (21.0.8+-14196175-b1038.72, mixed mode, tiered, compressed oops, compressed class ptrs, g1 gc, windows-amd64)
GC Precious Log:
 CardTable entry size: 512
 Card Set container configuration: InlinePtr #cards 5 size 8 Array Of Cards #cards 12 size 40 Howl #buckets 4 coarsen threshold 1843 Howl Bitmap #cards 512 size 80 coarsen threshold 460 Card regions per heap region 1 cards per card region 2048
 CPUs: 4 total, 4 available
 Memory: 7865M
 Large Page Support: Disabled
 NUMA Support: Disabled
 Compressed Oops: Enabled (32-bit)
 Heap Region Size: 1M
 Heap Min Capacity: 8M
 Heap Initial Capacity: 124M
 Heap Max Capacity: 1968M
 Pre-touch: Disabled
 Parallel Workers: 4
 Concurrent Workers: 1
 Concurrent Refinement Workers: 4
 Periodic GC: Disabled
Heap:
 garbage-first heap   total 126976K, used 23371K [0x0000000085000000, 0x0000000100000000)
  region size 1024K, 15 young (15360K), 4 survivors (4096K)
 Metaspace       used 20516K, committed 20800K, reserved 1114112K
  class space    used 2386K, committed 2560K, reserved 1048576K
GC Heap History (8 events):
Event: 1.158 GC heap before
{Heap before GC invocations=0 (full 0):
 garbage-first heap   total 126976K, used 13312K [0x0000000085000000, 0x0000000100000000)
  region size 1024K, 13 young (13312K), 0 survivors (0K)
 Metaspace       used 8557K, committed 8704K, reserved 1114112K
  class space    used 789K, committed 896K, reserved 1048576K
}
Event: 1.169 GC heap after
{Heap after GC invocations=1 (full 0):
 garbage-first heap   total 126976K, used 1536K [0x0000000085000000, 0x0000000100000000)
  region size 1024K, 2 young (2048K), 2 survivors (2048K)
 Metaspace       used 8557K, committed 8704K, reserved 1114112K
  class space    used 789K, committed 896K, reserved 1048576K
}
Event: 2.738 GC heap before
{Heap before GC invocations=1 (full 0):
 garbage-first heap   total 126976K, used 27136K [0x0000000085000000, 0x0000000100000000)
  region size 1024K, 25 young (25600K), 2 survivors (2048K)
 Metaspace       used 12677K, committed 12864K, reserved 1114112K
  class space    used 1384K, committed 1472K, reserved 1048576K
}
Event: 2.746 GC heap after
{Heap after GC invocations=2 (full 0):
 garbage-first heap   total 126976K, used 9800K [0x0000000085000000, 0x0000000100000000)
  region size 1024K, 4 young (4096K), 4 survivors (4096K)
 Metaspace       used 12677K, committed 12864K, reserved 1114112K
  class space    used 1384K, committed 1472K, reserved 1048576K
}
Event: 205.935 GC heap before
{Heap before GC invocations=2 (full 0):
 garbage-first heap   total 126976K, used 81480K [0x0000000085000000, 0x0000000100000000)
  region size 1024K, 74 young (75776K), 4 survivors (4096K)
 Metaspace       used 20500K, committed 20800K, reserved 1114112K
  class space    used 2386K, committed 2560K, reserved 1048576K
}
Event: 206.148 GC heap after
{Heap after GC invocations=3 (full 0):
 garbage-first heap   total 126976K, used 12732K [0x0000000085000000, 0x0000000100000000)
  region size 1024K, 7 young (7168K), 7 survivors (7168K)
 Metaspace       used 20500K, committed 20800K, reserved 1114112K
  class space    used 2386K, committed 2560K, reserved 1048576K
}
Event: 278.922 GC heap before
{Heap before GC invocations=3 (full 0):
 garbage-first heap   total 126976K, used 67004K [0x0000000085000000, 0x0000000100000000)
  region size 1024K, 60 young (61440K), 7 survivors (7168K)
 Metaspace       used 20515K, committed 20800K, reserved 1114112K
  class space    used 2386K, committed 2560K, reserved 1048576K
}
Event: 278.931 GC heap after
{Heap after GC invocations=4 (full 0):
 garbage-first heap   total 126976K, used 13131K [0x0000000085000000, 0x0000000100000000)
  region size 1024K, 4 young (4096K), 4 survivors (4096K)
 Metaspace       used 20515K, committed 20800K, reserved 1114112K
  class space    used 2386K, committed 2560K, reserved 1048576K
}

