# JRE version: OpenJDK Runtime Environment (21.0.8) (build 21.0.8+-14196175-b1038.72)
# Java VM: OpenJDK 64-Bit Server VM (21.0.8+-14196175-b1038.72, mixed mode, tiered, compressed oops, compressed class ptrs, g1 gc, windows-amd64)
GC Precious Log:
 CardTable entry size: 512
 Card Set container configuration: InlinePtr #cards 5 size 8 Array Of Cards #cards 12 size 40 Howl #buckets 4 coarsen threshold 1843 Howl Bitmap #cards 512 size 80 coarsen threshold 460 Card regions per heap region 1 cards per card region 2048
 CPUs: 4 total, 4 available
 Memory: 7865M
 Large Page Support: Disabled
 NUMA Support: Disabled
 Compressed Oops: Enabled (32-bit)
 Heap Region Size: 1M
 Heap Min Capacity: 8M
 Heap Initial Capacity: 124M
 Heap Max Capacity: 1968M
 Pre-touch: Disabled
 Parallel Workers: 4
 Concurrent Workers: 1
 Concurrent Refinement Workers: 4
 Periodic GC: Disabled
Heap:
 garbage-first heap   total 157696K, used 20679K [0x0000000085000000, 0x0000000100000000)
  region size 1024K, 9 young (9216K), 2 survivors (2048K)
 Metaspace       used 18784K, committed 19072K, reserved 1114112K
  class space    used 2225K, committed 2368K, reserved 1048576K
GC Heap History (16 events):
Event: 0.548 GC heap before
{Heap before GC invocations=0 (full 0):
 garbage-first heap   total 126976K, used 13312K [0x0000000085000000, 0x0000000100000000)
  region size 1024K, 13 young (13312K), 0 survivors (0K)
 Metaspace       used 8548K, committed 8704K, reserved 1114112K
  class space    used 789K, committed 896K, reserved 1048576K
}
Event: 0.555 GC heap after
{Heap after GC invocations=1 (full 0):
 garbage-first heap   total 126976K, used 1664K [0x0000000085000000, 0x0000000100000000)
  region size 1024K, 2 young (2048K), 2 survivors (2048K)
 Metaspace       used 8548K, committed 8704K, reserved 1114112K
  class space    used 789K, committed 896K, reserved 1048576K
}
Event: 1.197 GC heap before
{Heap before GC invocations=1 (full 0):
 garbage-first heap   total 126976K, used 27264K [0x0000000085000000, 0x0000000100000000)
  region size 1024K, 25 young (25600K), 2 survivors (2048K)
 Metaspace       used 12638K, committed 12800K, reserved 1114112K
  class space    used 1376K, committed 1472K, reserved 1048576K
}
Event: 1.204 GC heap after
{Heap after GC invocations=2 (full 0):
 garbage-first heap   total 126976K, used 9773K [0x0000000085000000, 0x0000000100000000)
  region size 1024K, 4 young (4096K), 4 survivors (4096K)
 Metaspace       used 12638K, committed 12800K, reserved 1114112K
  class space    used 1376K, committed 1472K, reserved 1048576K
}
Event: 86.478 GC heap before
{Heap before GC invocations=2 (full 0):
 garbage-first heap   total 126976K, used 81453K [0x0000000085000000, 0x0000000100000000)
  region size 1024K, 74 young (75776K), 4 survivors (4096K)
 Metaspace       used 18767K, committed 19072K, reserved 1114112K
  class space    used 2225K, committed 2368K, reserved 1048576K
}
Event: 88.748 GC heap after
{Heap after GC invocations=3 (full 0):
 garbage-first heap   total 126976K, used 11920K [0x0000000085000000, 0x0000000100000000)
  region size 1024K, 7 young (7168K), 7 survivors (7168K)
 Metaspace       used 18767K, committed 19072K, reserved 1114112K
  class space    used 2225K, committed 2368K, reserved 1048576K
}
Event: 89.536 GC heap before
{Heap before GC invocations=3 (full 0):
 garbage-first heap   total 126976K, used 12944K [0x0000000085000000, 0x0000000100000000)
  region size 1024K, 8 young (8192K), 7 survivors (7168K)
 Metaspace       used 18769K, committed 19072K, reserved 1114112K
  class space    used 2225K, committed 2368K, reserved 1048576K
}
Event: 89.569 GC heap after
{Heap after GC invocations=4 (full 0):
 garbage-first heap   total 126976K, used 11943K [0x0000000085000000, 0x0000000100000000)
  region size 1024K, 1 young (1024K), 1 survivors (1024K)
 Metaspace       used 18769K, committed 19072K, reserved 1114112K
  class space    used 2225K, committed 2368K, reserved 1048576K
}
Event: 90.349 GC heap before
{Heap before GC invocations=4 (full 0):
 garbage-first heap   total 126976K, used 17063K [0x0000000085000000, 0x0000000100000000)
  region size 1024K, 6 young (6144K), 1 survivors (1024K)
 Metaspace       used 18770K, committed 19072K, reserved 1114112K
  class space    used 2225K, committed 2368K, reserved 1048576K
}
Event: 90.354 GC heap after
{Heap after GC invocations=5 (full 0):
 garbage-first heap   total 126976K, used 12089K [0x0000000085000000, 0x0000000100000000)
  region size 1024K, 1 young (1024K), 1 survivors (1024K)
 Metaspace       used 18770K, committed 19072K, reserved 1114112K
  class space    used 2225K, committed 2368K, reserved 1048576K
}
Event: 90.382 GC heap before
{Heap before GC invocations=5 (full 0):
 garbage-first heap   total 126976K, used 17209K [0x0000000085000000, 0x0000000100000000)
  region size 1024K, 6 young (6144K), 1 survivors (1024K)
 Metaspace       used 18770K, committed 19072K, reserved 1114112K
  class space    used 2225K, committed 2368K, reserved 1048576K
}
Event: 90.384 GC heap after
{Heap after GC invocations=6 (full 0):
 garbage-first heap   total 126976K, used 12968K [0x0000000085000000, 0x0000000100000000)
  region size 1024K, 1 young (1024K), 1 survivors (1024K)
 Metaspace       used 18770K, committed 19072K, reserved 1114112K
  class space    used 2225K, committed 2368K, reserved 1048576K
}
Event: 98.110 GC heap before
{Heap before GC invocations=6 (full 0):
 garbage-first heap   total 126976K, used 18088K [0x0000000085000000, 0x0000000100000000)
  region size 1024K, 6 young (6144K), 1 survivors (1024K)
 Metaspace       used 18774K, committed 19072K, reserved 1114112K
  class space    used 2225K, committed 2368K, reserved 1048576K
}
Event: 98.115 GC heap after
{Heap after GC invocations=7 (full 0):
 garbage-first heap   total 157696K, used 12702K [0x0000000085000000, 0x0000000100000000)
  region size 1024K, 1 young (1024K), 1 survivors (1024K)
 Metaspace       used 18774K, committed 19072K, reserved 1114112K
  class space    used 2225K, committed 2368K, reserved 1048576K
}
Event: 98.152 GC heap before
{Heap before GC invocations=7 (full 0):
 garbage-first heap   total 157696K, used 24990K [0x0000000085000000, 0x0000000100000000)
  region size 1024K, 13 young (13312K), 1 survivors (1024K)
 Metaspace       used 18779K, committed 19072K, reserved 1114112K
  class space    used 2225K, committed 2368K, reserved 1048576K
}
Event: 98.156 GC heap after
{Heap after GC invocations=8 (full 0):
 garbage-first heap   total 157696K, used 14535K [0x0000000085000000, 0x0000000100000000)
  region size 1024K, 2 young (2048K), 2 survivors (2048K)
 Metaspace       used 18779K, committed 19072K, reserved 1114112K
  class space    used 2225K, committed 2368K, reserved 1048576K
}

